[debug] [2024-12-29T21:59:22.604Z] ----------------------------------------------------------------------
[debug] [2024-12-29T21:59:22.609Z] Command:       C:\Program Files\nodejs\node.exe C:\Users\USER\AppData\Roaming\npm\node_modules\firebase-tools\lib\bin\firebase.js init
[debug] [2024-12-29T21:59:22.610Z] CLI Version:   13.28.0
[debug] [2024-12-29T21:59:22.610Z] Platform:      win32
[debug] [2024-12-29T21:59:22.611Z] Node Version:  v20.15.0
[debug] [2024-12-29T21:59:22.611Z] Time:          Mon Dec 30 2024 03:59:22 GMT+0600 (Bangladesh Standard Time)
[debug] [2024-12-29T21:59:22.611Z] ----------------------------------------------------------------------
[debug] 
[debug] [2024-12-29T21:59:22.618Z] > command requires scopes: ["email","openid","https://www.googleapis.com/auth/cloudplatformprojects.readonly","https://www.googleapis.com/auth/firebase","https://www.googleapis.com/auth/cloud-platform"]
[debug] [2024-12-29T21:59:22.619Z] > authorizing via signed-in user (rimonc7@gmail.com)
[info] 
     ######## #### ########  ######## ########     ###     ######  ########
     ##        ##  ##     ## ##       ##     ##  ##   ##  ##       ##
     ######    ##  ########  ######   ########  #########  ######  ######
     ##        ##  ##    ##  ##       ##     ## ##     ##       ## ##
     ##       #### ##     ## ######## ########  ##     ##  ######  ########

You're about to initialize a Firebase project in this directory:

  C:\Projects\Assignment\MealMates-server

Before we get started, keep in mind:

  * You are currently outside your home directory

[info] 
=== Project Setup
[info] 
[info] First, let's associate this project directory with a Firebase project.
[info] You can create multiple project aliases by running firebase use --add, 
[info] but for now we'll just set up a default project.
[info] 
[debug] [2024-12-29T22:00:47.892Z] Checked if tokens are valid: true, expires at: 1735511817395
[debug] [2024-12-29T22:00:47.893Z] Checked if tokens are valid: true, expires at: 1735511817395
[debug] [2024-12-29T22:00:47.896Z] >>> [apiv2][query] GET https://firebase.googleapis.com/v1beta1/projects pageSize=100
[debug] [2024-12-29T22:00:48.979Z] <<< [apiv2][status] GET https://firebase.googleapis.com/v1beta1/projects 200
[debug] [2024-12-29T22:00:48.979Z] <<< [apiv2][body] GET https://firebase.googleapis.com/v1beta1/projects [omitted]
[info] i  Using project mealmeats (mealMeats) 
[info] 
=== Hosting Setup
[debug] [2024-12-29T22:00:55.904Z] Checked if tokens are valid: true, expires at: 1735511817395
[debug] [2024-12-29T22:00:55.904Z] Checked if tokens are valid: true, expires at: 1735511817395
[debug] [2024-12-29T22:00:55.904Z] >>> [apiv2][query] GET https://firebase.googleapis.com/v1beta1/projects/mealmeats [none]
[debug] [2024-12-29T22:00:56.615Z] <<< [apiv2][status] GET https://firebase.googleapis.com/v1beta1/projects/mealmeats 200
[debug] [2024-12-29T22:00:56.616Z] <<< [apiv2][body] GET https://firebase.googleapis.com/v1beta1/projects/mealmeats {"projectId":"mealmeats","projectNumber":"241176807847","displayName":"mealMeats","name":"projects/mealmeats","resources":{"hostingSite":"mealmeats"},"state":"ACTIVE","etag":"1_f0e6a67c-0059-4760-ac11-691a863712ef"}
[info] 
[info] Your public directory is the folder (relative to your project directory) that
[info] will contain Hosting assets to be uploaded with firebase deploy. If you
[info] have a build process for your assets, use your build's output directory.
[info] 
[info] +  Wrote dist/404.html 
[debug] [2024-12-29T22:01:46.558Z] >>> [apiv2][query] GET https://www.gstatic.com/firebasejs/releases.json [none]
[debug] [2024-12-29T22:01:46.889Z] <<< [apiv2][status] GET https://www.gstatic.com/firebasejs/releases.json 200
[debug] [2024-12-29T22:01:46.890Z] <<< [apiv2][body] GET https://www.gstatic.com/firebasejs/releases.json {"current":{"version":"11.1.0","browserURL":"https://www.gstatic.com/firebasejs/11.1.0/firebase.js","packageURL":"https://www.gstatic.com/firebasejs/11.1.0/firebase.tgz"},"live":{"version":"11.1","browserURL":"https://www.gstatic.com/firebasejs/live/11.1/firebase.js","packageURL":"https://www.gstatic.com/firebasejs/live/11.1/firebase.tgz"},"components":{"analytics":"https://www.gstatic.com/firebasejs/11.1.0/firebase-analytics.js","app":"https://www.gstatic.com/firebasejs/11.1.0/firebase-app.js","app-check":"https://www.gstatic.com/firebasejs/11.1.0/firebase-app-check.js","auth":"https://www.gstatic.com/firebasejs/11.1.0/firebase-auth.js","auth/cordova":"https://www.gstatic.com/firebasejs/11.1.0/firebase-auth/cordova.js","auth/web-extension":"https://www.gstatic.com/firebasejs/11.1.0/firebase-auth/web-extension.js","functions":"https://www.gstatic.com/firebasejs/11.1.0/firebase-functions.js","firestore":"https://www.gstatic.com/firebasejs/11.1.0/firebase-firestore.js","firestore/lite":"https://www.gstatic.com/firebasejs/11.1.0/firebase-firestore/lite.js","installations":"https://www.gstatic.com/firebasejs/11.1.0/firebase-installations.js","storage":"https://www.gstatic.com/firebasejs/11.1.0/firebase-storage.js","performance":"https://www.gstatic.com/firebasejs/11.1.0/firebase-performance.js","remote-config":"https://www.gstatic.com/firebasejs/11.1.0/firebase-remote-config.js","messaging":"https://www.gstatic.com/firebasejs/11.1.0/firebase-messaging.js","messaging/sw":"https://www.gstatic.com/firebasejs/11.1.0/firebase-messaging/sw.js","database":"https://www.gstatic.com/firebasejs/11.1.0/firebase-database.js","vertexai":"https://www.gstatic.com/firebasejs/11.1.0/firebase-vertexai.js","data-connect":"https://www.gstatic.com/firebasejs/11.1.0/firebase-data-connect.js","firestore.memory":"https://www.gstatic.com/firebasejs/11.1.0/firebase-firestore.memory.js"}}
[info] +  Wrote dist/index.html 
[info] 
[info] i  Detected a .git folder at C:\Projects\Assignment\MealMates-server 
[info] i  Authorizing with GitHub to upload your service account to a GitHub repository's secrets store. 
[info] 
[info] Visit this URL on this device to log in:
[info] https://github.com/login/oauth/authorize?client_id=89cf50f02ac6aaed3484&state=6534353&redirect_uri=http%3A%2F%2Flocalhost%3A9005&scope=read%3Auser%20repo%20public_repo
[info] 
[info] Waiting for authentication...
